<?xml version="1.0" encoding="UTF-8"?>
<!-- Generated by org.testng.reporters.JUnitReportReporter -->
<testsuite skipped="0" hostname="LAPTOP-RT8EEJI2" name="com.maven.testNG.Practice" tests="10" failures="0" timestamp="19 May 2021 15:41:11 GMT" time="0.051" errors="0">
  <testcase name="setProperty" time="0.003" classname="com.maven.testNG.Practice"/>
  <testcase name="setProperty" time="0.006" classname="com.maven.testNG.Practice"/>
  <testcase name="setProperty" time="0.003" classname="com.maven.testNG.Practice"/>
  <testcase name="setProperty" time="0.009" classname="com.maven.testNG.Practice"/>
  <testcase name="setProperty" time="0.005" classname="com.maven.testNG.Practice"/>
  <testcase name="setProperty" time="0.013" classname="com.maven.testNG.Practice"/>
  <testcase name="setProperty" time="0.002" classname="com.maven.testNG.Practice"/>
  <testcase name="setProperty" time="0.003" classname="com.maven.testNG.Practice"/>
  <testcase name="setProperty" time="0.000" classname="com.maven.testNG.Practice"/>
  <testcase name="setProperty" time="0.007" classname="com.maven.testNG.Practice"/>
</testsuite> <!-- com.maven.testNG.Practice -->
