<?xml version="1.0" encoding="UTF-8"?>
<!-- Generated by org.testng.reporters.JUnitReportReporter -->
<testsuite skipped="0" hostname="LAPTOP-RT8EEJI2" name="com.maven.testNG.Group_Test" tests="6" failures="0" timestamp="17 May 2021 07:19:10 GMT" time="0.021" errors="0">
  <testcase name="onePlus" time="0.001" classname="com.maven.testNG.Group_Test"/>
  <testcase name="iphone" time="0.004" classname="com.maven.testNG.Group_Test"/>
  <testcase name="ASUS" time="0.009" classname="com.maven.testNG.Group_Test"/>
  <testcase name="hp" time="0.001" classname="com.maven.testNG.Group_Test"/>
  <testcase name="realMe" time="0.004" classname="com.maven.testNG.Group_Test"/>
  <testcase name="lenovo" time="0.002" classname="com.maven.testNG.Group_Test"/>
</testsuite> <!-- com.maven.testNG.Group_Test -->
