<?xml version="1.0" encoding="UTF-8"?>
<!-- Generated by org.testng.reporters.JUnitReportReporter -->
<testsuite skipped="0" hostname="LAPTOP-RT8EEJI2" name="com.maven.testNG.Parallel_Test" tests="3" failures="0" timestamp="17 May 2021 06:58:11 GMT" time="109.213" errors="0">
  <testcase name="youtube" time="28.879" classname="com.maven.testNG.Parallel_Test"/>
  <testcase name="instagram" time="35.882" classname="com.maven.testNG.Parallel_Test"/>
  <testcase name="twitter" time="44.452" classname="com.maven.testNG.Parallel_Test"/>
</testsuite> <!-- com.maven.testNG.Parallel_Test -->
