<?xml version="1.0" encoding="UTF-8"?>
<!-- Generated by org.testng.reporters.JUnitReportReporter -->
<testsuite skipped="1" hostname="LAPTOP-RT8EEJI2" name="com.maven.testNG.Ignore_TestCase" tests="10" failures="0" timestamp="15 May 2021 06:57:22 GMT" time="0.021" errors="0">
  <testcase name="setUp" time="0.001" classname="com.maven.testNG.Ignore_TestCase"/>
  <testcase name="logOut" time="0.002" classname="com.maven.testNG.Ignore_TestCase"/>
  <testcase name="verification" time="0.001" classname="com.maven.testNG.Ignore_TestCase"/>
  <testcase name="clearCookies" time="0.012" classname="com.maven.testNG.Ignore_TestCase"/>
  <testcase name="login" time="0.002" classname="com.maven.testNG.Ignore_TestCase"/>
  <testcase name="searchLaptops" time="0.000" classname="com.maven.testNG.Ignore_TestCase"/>
  <testcase name="tearDown" time="0.001" classname="com.maven.testNG.Ignore_TestCase"/>
  <testcase name="searchMobiles" time="0.001" classname="com.maven.testNG.Ignore_TestCase"/>
  <testcase name="setUrl" time="0.001" classname="com.maven.testNG.Ignore_TestCase"/>
  <testcase name="BrowserLaunch" classname="com.maven.testNG.Ignore_TestCase">
    <skipped/>
  </testcase> <!-- BrowserLaunch -->
</testsuite> <!-- com.maven.testNG.Ignore_TestCase -->
