<?xml version="1.0" encoding="UTF-8"?>
<!-- Generated by org.testng.reporters.JUnitReportReporter -->
<testsuite skipped="0" hostname="LAPTOP-RT8EEJI2" name="com.maven.testNG.Testng_Annotations" tests="2" failures="0" timestamp="15 May 2021 06:53:33 GMT" time="0.010" errors="0">
  <testcase name="searchLaptops" time="0.007" classname="com.maven.testNG.Testng_Annotations"/>
  <testcase name="searchMobiles" time="0.003" classname="com.maven.testNG.Testng_Annotations"/>
</testsuite> <!-- com.maven.testNG.Testng_Annotations -->
