<?xml version="1.0" encoding="UTF-8"?>
<!-- Generated by org.testng.reporters.JUnitReportReporter -->
<testsuite skipped="0" hostname="LAPTOP-RT8EEJI2" name="com.maven.testNG.Parallel_Testcopy" tests="3" failures="0" timestamp="19 May 2021 15:48:37 GMT" time="90.706" errors="0">
  <testcase name="twitter" time="31.487" classname="com.maven.testNG.Parallel_Testcopy"/>
  <testcase name="instagram" time="29.559" classname="com.maven.testNG.Parallel_Testcopy"/>
  <testcase name="youtube" time="29.660" classname="com.maven.testNG.Parallel_Testcopy"/>
</testsuite> <!-- com.maven.testNG.Parallel_Testcopy -->
