<?xml version="1.0" encoding="UTF-8"?>
<!-- Generated by org.testng.reporters.JUnitReportReporter -->
<testsuite skipped="0" hostname="LAPTOP-RT8EEJI2" name="com.maven.testNG.Parameterized_Concept" tests="1" failures="0" timestamp="19 May 2021 17:56:44 GMT" time="0.011" errors="0">
  <testcase name="credential" time="0.011" classname="com.maven.testNG.Parameterized_Concept"/>
</testsuite> <!-- com.maven.testNG.Parameterized_Concept -->
