<?xml version="1.0" encoding="UTF-8"?>
<!-- Generated by org.testng.reporters.JUnitReportReporter -->
<testsuite skipped="0" hostname="LAPTOP-RT8EEJI2" name="com.maven.testNG.Data_Provider_Concept" tests="6" failures="0" timestamp="19 May 2021 18:03:12 GMT" time="0.016" errors="0">
  <testcase name="credential" time="0.000" classname="com.maven.testNG.Data_Provider_Concept"/>
  <testcase name="credential" time="0.000" classname="com.maven.testNG.Data_Provider_Concept"/>
  <testcase name="credential" time="0.002" classname="com.maven.testNG.Data_Provider_Concept"/>
  <testcase name="credential" time="0.001" classname="com.maven.testNG.Data_Provider_Concept"/>
  <testcase name="credential" time="0.001" classname="com.maven.testNG.Data_Provider_Concept"/>
  <testcase name="credential" time="0.012" classname="com.maven.testNG.Data_Provider_Concept"/>
</testsuite> <!-- com.maven.testNG.Data_Provider_Concept -->
