<?xml version="1.0" encoding="UTF-8"?>
<!-- Generated by org.testng.reporters.JUnitReportReporter -->
<testsuite skipped="0" hostname="LAPTOP-RT8EEJI2" name="com.maven.testNG.Group_Test_Practice" tests="5" failures="0" timestamp="20 May 2021 04:19:53 GMT" time="0.020" errors="0">
  <testcase name="oppo" time="0.001" classname="com.maven.testNG.Group_Test_Practice"/>
  <testcase name="lenovo" time="0.003" classname="com.maven.testNG.Group_Test_Practice"/>
  <testcase name="dell" time="0.011" classname="com.maven.testNG.Group_Test_Practice"/>
  <testcase name="hp" time="0.002" classname="com.maven.testNG.Group_Test_Practice"/>
  <testcase name="onePlus" time="0.003" classname="com.maven.testNG.Group_Test_Practice"/>
</testsuite> <!-- com.maven.testNG.Group_Test_Practice -->
