<?xml version="1.0" encoding="UTF-8"?>
<!-- Generated by org.testng.reporters.JUnitReportReporter -->
<testsuite skipped="0" hostname="LAPTOP-RT8EEJI2" name="com.maven.testNG.TestNG_Annotations1" tests="19" failures="0" timestamp="15 May 2021 07:06:53 GMT" time="0.051" errors="0">
  <testcase name="searchLaptops" time="0.012" classname="com.maven.testNG.TestNG_Annotations1"/>
  <testcase name="BrowserLaunch" time="0.002" classname="com.maven.testNG.TestNG_Annotations1"/>
  <testcase name="verification" time="0.001" classname="com.maven.testNG.TestNG_Annotations1"/>
  <testcase name="tearDown" time="0.001" classname="com.maven.testNG.TestNG_Annotations1"/>
  <testcase name="clearCookies" time="0.001" classname="com.maven.testNG.TestNG_Annotations1"/>
  <testcase name="setUrl" time="0.003" classname="com.maven.testNG.TestNG_Annotations1"/>
  <testcase name="setUrl" time="0.002" classname="com.maven.testNG.TestNG_Annotations1"/>
  <testcase name="setUrl" time="0.002" classname="com.maven.testNG.TestNG_Annotations1"/>
  <testcase name="setUrl" time="0.002" classname="com.maven.testNG.TestNG_Annotations1"/>
  <testcase name="setUrl" time="0.002" classname="com.maven.testNG.TestNG_Annotations1"/>
  <testcase name="setUrl" time="0.002" classname="com.maven.testNG.TestNG_Annotations1"/>
  <testcase name="setUrl" time="0.001" classname="com.maven.testNG.TestNG_Annotations1"/>
  <testcase name="setUp" time="0.008" classname="com.maven.testNG.TestNG_Annotations1"/>
  <testcase name="setUrl" time="0.002" classname="com.maven.testNG.TestNG_Annotations1"/>
  <testcase name="setUrl" time="0.002" classname="com.maven.testNG.TestNG_Annotations1"/>
  <testcase name="setUrl" time="0.002" classname="com.maven.testNG.TestNG_Annotations1"/>
  <testcase name="login" time="0.002" classname="com.maven.testNG.TestNG_Annotations1"/>
  <testcase name="searchMobiles" time="0.002" classname="com.maven.testNG.TestNG_Annotations1"/>
  <testcase name="logOut" time="0.002" classname="com.maven.testNG.TestNG_Annotations1"/>
</testsuite> <!-- com.maven.testNG.TestNG_Annotations1 -->
